<?xml version="1.0" encoding="UTF-8"?>
<!-- Generated by org.testng.reporters.JUnitXMLReporter -->
<testsuite ignored="7" hostname="DESKTOP-E9MJV65" failures="0" tests="3" name="myTest" time="0.117" errors="0" timestamp="2023-10-11T08:39:15 IST">
  <testcase classname="testtng.Grouping" name="countries5" time="0.016"/>
  <testcase classname="testtng.Grouping" name="countries6" time="0.003"/>
  <testcase classname="testtng.Grouping" name="countries10" time="0.006"/>
  <testcase classname="testtng.Grouping" name="countries9" time="0.0">
    <ignored/>
  </testcase> <!-- countries9 -->
  <testcase classname="testtng.Grouping" name="countries8" time="0.0">
    <ignored/>
  </testcase> <!-- countries8 -->
  <testcase classname="testtng.Grouping" name="countries" time="0.0">
    <ignored/>
  </testcase> <!-- countries -->
  <testcase classname="testtng.Grouping" name="countries3" time="0.0">
    <ignored/>
  </testcase> <!-- countries3 -->
  <testcase classname="testtng.Grouping" name="countries2" time="0.0">
    <ignored/>
  </testcase> <!-- countries2 -->
  <testcase classname="testtng.Grouping" name="countries4" time="0.0">
    <ignored/>
  </testcase> <!-- countries4 -->
  <testcase classname="testtng.Grouping" name="countries7" time="0.0">
    <ignored/>
  </testcase> <!-- countries7 -->
</testsuite> <!-- myTest -->
