<?xml version="1.0" encoding="UTF-8"?>
<!-- Generated by org.testng.reporters.JUnitXMLReporter -->
<testsuite ignored="0" hostname="DESKTOP-E9MJV65" failures="0" tests="4" name="Test" time="0.147" errors="0" timestamp="2023-10-07T11:22:51 IST">
  <testcase classname="testtng.SecondTestNewGen" name="method2" time="0.033"/>
  <testcase classname="testtng.SecondTestNewGen" name="method1" time="0.004"/>
  <testcase classname="testtng.Testtngg" name="method1" time="0.004"/>
  <testcase classname="testtng.Testtngg" name="method2" time="0.006"/>
</testsuite> <!-- Test -->
